<?xml version="1.0" encoding="UTF-8"?>
<testsuite name="repository.SpectacolRepositoryTest" tests="2" skipped="0" failures="0" errors="0" timestamp="2019-03-16T16:43:22" hostname="PatiVioleta" time="0.088">
  <properties/>
  <testcase name="findAll" classname="repository.SpectacolRepositoryTest" time="0.048"/>
  <testcase name="findOne" classname="repository.SpectacolRepositoryTest" time="0.04"/>
  <system-out><![CDATA[16 Mar 2019 18:43:22,803 TRACE repository.JdbcUtils 53 getConnection - Enter
16 Mar 2019 18:43:22,804 TRACE repository.JdbcUtils 23 getNewConnection - Enter
16 Mar 2019 18:43:22,804 INFO  repository.JdbcUtils 30 getNewConnection - trying to connect to database ... jdbc:sqlite:C:/Users/pati/Desktop/UNIV/SEM4/MPP/SQLite/Festival/Festival.db
16 Mar 2019 18:43:22,804 INFO  repository.JdbcUtils 31 getNewConnection - user: test
16 Mar 2019 18:43:22,804 INFO  repository.JdbcUtils 32 getNewConnection - pass: passtest
16 Mar 2019 18:43:22,805 INFO  repository.JdbcUtils 37 getNewConnection - Loaded driver ...org.sqlite.JDBC
16 Mar 2019 18:43:22,806 TRACE repository.JdbcUtils 62 getConnection - Exit with(org.sqlite.jdbc4.JDBC4Connection@34553a0a)
16 Mar 2019 18:43:22,807 INFO  repository.SpectacolRepository 24 <init> - Initializing SpectacolRepository with properties: {mtasks.jdbc.url1=jdbc:sqlite:C:/Users/pati/Desktop/UNIV/SEM4/MPP/SQLite/Festival/Festival.db, tasks.jdbc.user=test, mtasks.jdbc.driver=org.sqlite.JDBC, mtasks.jdbc.url=jdbc:sqlite:C:/Users/pati/Desktop/UNIV/SEM4/MPP/SQLite/Festival/Festival.db, tasks.jdbc.driver=org.sqlite.JDBC, tasks.jdbc.pass=passtest, tasks.jdbc.url=jdbc:sqlite:C:/Users/pati/Desktop/UNIV/SEM4/MPP/SQLite/Festival/Festival.db} 
16 Mar 2019 18:43:22,807 INFO  repository.ArtistRepository 17 <init> - Initializing ArtistRepository with properties: {mtasks.jdbc.url1=jdbc:sqlite:C:/Users/pati/Desktop/UNIV/SEM4/MPP/SQLite/Festival/Festival.db, tasks.jdbc.user=test, mtasks.jdbc.driver=org.sqlite.JDBC, mtasks.jdbc.url=jdbc:sqlite:C:/Users/pati/Desktop/UNIV/SEM4/MPP/SQLite/Festival/Festival.db, tasks.jdbc.driver=org.sqlite.JDBC, tasks.jdbc.pass=passtest, tasks.jdbc.url=jdbc:sqlite:C:/Users/pati/Desktop/UNIV/SEM4/MPP/SQLite/Festival/Festival.db} 
16 Mar 2019 18:43:22,808 TRACE repository.SpectacolRepository 68 findAll - Enter
16 Mar 2019 18:43:22,809 TRACE repository.JdbcUtils 53 getConnection - Enter
16 Mar 2019 18:43:22,809 TRACE repository.JdbcUtils 23 getNewConnection - Enter
16 Mar 2019 18:43:22,809 INFO  repository.JdbcUtils 30 getNewConnection - trying to connect to database ... jdbc:sqlite:C:/Users/pati/Desktop/UNIV/SEM4/MPP/SQLite/Festival/Festival.db
16 Mar 2019 18:43:22,809 INFO  repository.JdbcUtils 31 getNewConnection - user: test
16 Mar 2019 18:43:22,810 INFO  repository.JdbcUtils 32 getNewConnection - pass: passtest
16 Mar 2019 18:43:22,810 INFO  repository.JdbcUtils 37 getNewConnection - Loaded driver ...org.sqlite.JDBC
16 Mar 2019 18:43:22,812 TRACE repository.JdbcUtils 62 getConnection - Exit with(org.sqlite.jdbc4.JDBC4Connection@6de1e346)
16 Mar 2019 18:43:22,826 TRACE repository.ArtistRepository 24 findOne - Enter finding artist with id 1 
16 Mar 2019 18:43:22,827 TRACE repository.JdbcUtils 53 getConnection - Enter
16 Mar 2019 18:43:22,827 TRACE repository.JdbcUtils 23 getNewConnection - Enter
16 Mar 2019 18:43:22,827 INFO  repository.JdbcUtils 30 getNewConnection - trying to connect to database ... jdbc:sqlite:C:/Users/pati/Desktop/UNIV/SEM4/MPP/SQLite/Festival/Festival.db
16 Mar 2019 18:43:22,828 INFO  repository.JdbcUtils 31 getNewConnection - user: test
16 Mar 2019 18:43:22,828 INFO  repository.JdbcUtils 32 getNewConnection - pass: passtest
16 Mar 2019 18:43:22,828 INFO  repository.JdbcUtils 37 getNewConnection - Loaded driver ...org.sqlite.JDBC
16 Mar 2019 18:43:22,830 TRACE repository.JdbcUtils 62 getConnection - Exit with(org.sqlite.jdbc4.JDBC4Connection@712ae33f)
16 Mar 2019 18:43:22,830 TRACE repository.ArtistRepository 38 findOne - Exit with(Artist{artistId=1, name='Artist0'})
16 Mar 2019 18:43:22,831 TRACE repository.SpectacolRepository 94 findAll - Exit with(Spectacol{spectacolId=1, location='abc', date=2019-03-20, nrLocDisp=20, nrLocVand=15, artist=Artist{artistId=1, name='Artist0'}})
16 Mar 2019 18:43:22,831 TRACE repository.ArtistRepository 24 findOne - Enter finding artist with id 3 
16 Mar 2019 18:43:22,832 TRACE repository.JdbcUtils 53 getConnection - Enter
16 Mar 2019 18:43:22,832 TRACE repository.JdbcUtils 62 getConnection - Exit with(org.sqlite.jdbc4.JDBC4Connection@712ae33f)
16 Mar 2019 18:43:22,833 TRACE repository.ArtistRepository 38 findOne - Exit with(Artist{artistId=3, name='Artist2'})
16 Mar 2019 18:43:22,833 TRACE repository.SpectacolRepository 94 findAll - Exit with(Spectacol{spectacolId=2, location='cluj', date=2019-03-20, nrLocDisp=20, nrLocVand=15, artist=Artist{artistId=3, name='Artist2'}})
16 Mar 2019 18:43:22,834 TRACE repository.ArtistRepository 24 findOne - Enter finding artist with id 2 
16 Mar 2019 18:43:22,834 TRACE repository.JdbcUtils 53 getConnection - Enter
16 Mar 2019 18:43:22,835 TRACE repository.JdbcUtils 62 getConnection - Exit with(org.sqlite.jdbc4.JDBC4Connection@712ae33f)
16 Mar 2019 18:43:22,837 TRACE repository.ArtistRepository 38 findOne - Exit with(Artist{artistId=2, name='Artist1'})
16 Mar 2019 18:43:22,839 TRACE repository.SpectacolRepository 94 findAll - Exit with(Spectacol{spectacolId=3, location='cluj', date=2019-03-20, nrLocDisp=15, nrLocVand=10, artist=Artist{artistId=2, name='Artist1'}})
16 Mar 2019 18:43:22,839 TRACE repository.ArtistRepository 24 findOne - Enter finding artist with id 2 
16 Mar 2019 18:43:22,840 TRACE repository.JdbcUtils 53 getConnection - Enter
16 Mar 2019 18:43:22,840 TRACE repository.JdbcUtils 62 getConnection - Exit with(org.sqlite.jdbc4.JDBC4Connection@712ae33f)
16 Mar 2019 18:43:22,840 TRACE repository.ArtistRepository 38 findOne - Exit with(Artist{artistId=2, name='Artist1'})
16 Mar 2019 18:43:22,841 TRACE repository.SpectacolRepository 94 findAll - Exit with(Spectacol{spectacolId=4, location='ert', date=2019-03-20, nrLocDisp=25, nrLocVand=10, artist=Artist{artistId=2, name='Artist1'}})
16 Mar 2019 18:43:22,842 TRACE repository.ArtistRepository 24 findOne - Enter finding artist with id 4 
16 Mar 2019 18:43:22,842 TRACE repository.JdbcUtils 53 getConnection - Enter
16 Mar 2019 18:43:22,842 TRACE repository.JdbcUtils 62 getConnection - Exit with(org.sqlite.jdbc4.JDBC4Connection@712ae33f)
16 Mar 2019 18:43:22,843 TRACE repository.ArtistRepository 38 findOne - Exit with(Artist{artistId=4, name='Artist3'})
16 Mar 2019 18:43:22,843 TRACE repository.SpectacolRepository 94 findAll - Exit with(Spectacol{spectacolId=5, location='abc', date=2019-03-20, nrLocDisp=15, nrLocVand=10, artist=Artist{artistId=4, name='Artist3'}})
16 Mar 2019 18:43:22,844 TRACE repository.ArtistRepository 24 findOne - Enter finding artist with id 3 
16 Mar 2019 18:43:22,844 TRACE repository.JdbcUtils 53 getConnection - Enter
16 Mar 2019 18:43:22,844 TRACE repository.JdbcUtils 62 getConnection - Exit with(org.sqlite.jdbc4.JDBC4Connection@712ae33f)
16 Mar 2019 18:43:22,845 TRACE repository.ArtistRepository 38 findOne - Exit with(Artist{artistId=3, name='Artist2'})
16 Mar 2019 18:43:22,845 TRACE repository.SpectacolRepository 94 findAll - Exit with(Spectacol{spectacolId=6, location='ert', date=2019-03-20, nrLocDisp=10, nrLocVand=5, artist=Artist{artistId=3, name='Artist2'}})
16 Mar 2019 18:43:22,845 TRACE repository.ArtistRepository 24 findOne - Enter finding artist with id 1 
16 Mar 2019 18:43:22,845 TRACE repository.JdbcUtils 53 getConnection - Enter
16 Mar 2019 18:43:22,846 TRACE repository.JdbcUtils 62 getConnection - Exit with(org.sqlite.jdbc4.JDBC4Connection@712ae33f)
16 Mar 2019 18:43:22,846 TRACE repository.ArtistRepository 38 findOne - Exit with(Artist{artistId=1, name='Artist0'})
16 Mar 2019 18:43:22,847 TRACE repository.SpectacolRepository 94 findAll - Exit with(Spectacol{spectacolId=7, location='abd', date=2019-03-20, nrLocDisp=15, nrLocVand=10, artist=Artist{artistId=1, name='Artist0'}})
16 Mar 2019 18:43:22,847 TRACE repository.ArtistRepository 24 findOne - Enter finding artist with id 4 
16 Mar 2019 18:43:22,847 TRACE repository.JdbcUtils 53 getConnection - Enter
16 Mar 2019 18:43:22,848 TRACE repository.JdbcUtils 62 getConnection - Exit with(org.sqlite.jdbc4.JDBC4Connection@712ae33f)
16 Mar 2019 18:43:22,849 TRACE repository.ArtistRepository 38 findOne - Exit with(Artist{artistId=4, name='Artist3'})
16 Mar 2019 18:43:22,849 TRACE repository.SpectacolRepository 94 findAll - Exit with(Spectacol{spectacolId=8, location='alba', date=2019-03-20, nrLocDisp=30, nrLocVand=25, artist=Artist{artistId=4, name='Artist3'}})
16 Mar 2019 18:43:22,850 TRACE repository.SpectacolRepository 104 findAll - Exit with([Spectacol{spectacolId=1, location='abc', date=2019-03-20, nrLocDisp=20, nrLocVand=15, artist=Artist{artistId=1, name='Artist0'}}, Spectacol{spectacolId=2, location='cluj', date=2019-03-20, nrLocDisp=20, nrLocVand=15, artist=Artist{artistId=3, name='Artist2'}}, Spectacol{spectacolId=3, location='cluj', date=2019-03-20, nrLocDisp=15, nrLocVand=10, artist=Artist{artistId=2, name='Artist1'}}, Spectacol{spectacolId=4, location='ert', date=2019-03-20, nrLocDisp=25, nrLocVand=10, artist=Artist{artistId=2, name='Artist1'}}, Spectacol{spectacolId=5, location='abc', date=2019-03-20, nrLocDisp=15, nrLocVand=10, artist=Artist{artistId=4, name='Artist3'}}, Spectacol{spectacolId=6, location='ert', date=2019-03-20, nrLocDisp=10, nrLocVand=5, artist=Artist{artistId=3, name='Artist2'}}, Spectacol{spectacolId=7, location='abd', date=2019-03-20, nrLocDisp=15, nrLocVand=10, artist=Artist{artistId=1, name='Artist0'}}, Spectacol{spectacolId=8, location='alba', date=2019-03-20, nrLocDisp=30, nrLocVand=25, artist=Artist{artistId=4, name='Artist3'}}])
16 Mar 2019 18:43:22,851 TRACE repository.JdbcUtils 53 getConnection - Enter
16 Mar 2019 18:43:22,852 TRACE repository.JdbcUtils 23 getNewConnection - Enter
16 Mar 2019 18:43:22,852 INFO  repository.JdbcUtils 30 getNewConnection - trying to connect to database ... jdbc:sqlite:C:/Users/pati/Desktop/UNIV/SEM4/MPP/SQLite/Festival/Festival.db
16 Mar 2019 18:43:22,852 INFO  repository.JdbcUtils 31 getNewConnection - user: test
16 Mar 2019 18:43:22,853 INFO  repository.JdbcUtils 32 getNewConnection - pass: passtest
16 Mar 2019 18:43:22,853 INFO  repository.JdbcUtils 37 getNewConnection - Loaded driver ...org.sqlite.JDBC
16 Mar 2019 18:43:22,855 TRACE repository.JdbcUtils 62 getConnection - Exit with(org.sqlite.jdbc4.JDBC4Connection@3a6fe0cc)
16 Mar 2019 18:43:22,856 INFO  repository.SpectacolRepository 24 <init> - Initializing SpectacolRepository with properties: {mtasks.jdbc.url1=jdbc:sqlite:C:/Users/pati/Desktop/UNIV/SEM4/MPP/SQLite/Festival/Festival.db, tasks.jdbc.user=test, mtasks.jdbc.driver=org.sqlite.JDBC, mtasks.jdbc.url=jdbc:sqlite:C:/Users/pati/Desktop/UNIV/SEM4/MPP/SQLite/Festival/Festival.db, tasks.jdbc.driver=org.sqlite.JDBC, tasks.jdbc.pass=passtest, tasks.jdbc.url=jdbc:sqlite:C:/Users/pati/Desktop/UNIV/SEM4/MPP/SQLite/Festival/Festival.db} 
16 Mar 2019 18:43:22,856 INFO  repository.ArtistRepository 17 <init> - Initializing ArtistRepository with properties: {mtasks.jdbc.url1=jdbc:sqlite:C:/Users/pati/Desktop/UNIV/SEM4/MPP/SQLite/Festival/Festival.db, tasks.jdbc.user=test, mtasks.jdbc.driver=org.sqlite.JDBC, mtasks.jdbc.url=jdbc:sqlite:C:/Users/pati/Desktop/UNIV/SEM4/MPP/SQLite/Festival/Festival.db, tasks.jdbc.driver=org.sqlite.JDBC, tasks.jdbc.pass=passtest, tasks.jdbc.url=jdbc:sqlite:C:/Users/pati/Desktop/UNIV/SEM4/MPP/SQLite/Festival/Festival.db} 
16 Mar 2019 18:43:22,866 TRACE repository.SpectacolRepository 30 findOne - Enter finding spectacol with id 12 
16 Mar 2019 18:43:22,866 TRACE repository.JdbcUtils 53 getConnection - Enter
16 Mar 2019 18:43:22,866 TRACE repository.JdbcUtils 23 getNewConnection - Enter
16 Mar 2019 18:43:22,867 INFO  repository.JdbcUtils 30 getNewConnection - trying to connect to database ... jdbc:sqlite:C:/Users/pati/Desktop/UNIV/SEM4/MPP/SQLite/Festival/Festival.db
16 Mar 2019 18:43:22,867 INFO  repository.JdbcUtils 31 getNewConnection - user: test
16 Mar 2019 18:43:22,867 INFO  repository.JdbcUtils 32 getNewConnection - pass: passtest
16 Mar 2019 18:43:22,867 INFO  repository.JdbcUtils 37 getNewConnection - Loaded driver ...org.sqlite.JDBC
16 Mar 2019 18:43:22,871 TRACE repository.JdbcUtils 62 getConnection - Exit with(org.sqlite.jdbc4.JDBC4Connection@4700359c)
16 Mar 2019 18:43:22,872 TRACE repository.ArtistRepository 24 findOne - Enter finding artist with id 1 
16 Mar 2019 18:43:22,873 TRACE repository.JdbcUtils 53 getConnection - Enter
16 Mar 2019 18:43:22,873 TRACE repository.JdbcUtils 23 getNewConnection - Enter
16 Mar 2019 18:43:22,873 INFO  repository.JdbcUtils 30 getNewConnection - trying to connect to database ... jdbc:sqlite:C:/Users/pati/Desktop/UNIV/SEM4/MPP/SQLite/Festival/Festival.db
16 Mar 2019 18:43:22,874 INFO  repository.JdbcUtils 31 getNewConnection - user: test
16 Mar 2019 18:43:22,874 INFO  repository.JdbcUtils 32 getNewConnection - pass: passtest
16 Mar 2019 18:43:22,874 INFO  repository.JdbcUtils 37 getNewConnection - Loaded driver ...org.sqlite.JDBC
16 Mar 2019 18:43:22,876 TRACE repository.JdbcUtils 62 getConnection - Exit with(org.sqlite.jdbc4.JDBC4Connection@61151558)
16 Mar 2019 18:43:22,877 TRACE repository.ArtistRepository 38 findOne - Exit with(Artist{artistId=1, name='Artist0'})
16 Mar 2019 18:43:22,877 TRACE repository.SpectacolRepository 51 findOne - Exit with(Spectacol{spectacolId=12, location='test', date=2018-01-01, nrLocDisp=1, nrLocVand=1, artist=Artist{artistId=1, name='Artist0'}})
16 Mar 2019 18:43:22,878 TRACE repository.SpectacolRepository 30 findOne - Enter finding spectacol with id 12 
16 Mar 2019 18:43:22,878 TRACE repository.JdbcUtils 53 getConnection - Enter
16 Mar 2019 18:43:22,878 TRACE repository.JdbcUtils 62 getConnection - Exit with(org.sqlite.jdbc4.JDBC4Connection@4700359c)
16 Mar 2019 18:43:22,879 TRACE repository.ArtistRepository 24 findOne - Enter finding artist with id 1 
16 Mar 2019 18:43:22,879 TRACE repository.JdbcUtils 53 getConnection - Enter
16 Mar 2019 18:43:22,879 TRACE repository.JdbcUtils 62 getConnection - Exit with(org.sqlite.jdbc4.JDBC4Connection@61151558)
16 Mar 2019 18:43:22,880 TRACE repository.ArtistRepository 38 findOne - Exit with(Artist{artistId=1, name='Artist0'})
16 Mar 2019 18:43:22,880 TRACE repository.SpectacolRepository 51 findOne - Exit with(Spectacol{spectacolId=12, location='test', date=2018-01-01, nrLocDisp=1, nrLocVand=1, artist=Artist{artistId=1, name='Artist0'}})
]]></system-out>
  <system-err><![CDATA[]]></system-err>
</testsuite>
