<?xml version="1.0" encoding="UTF-8"?>
<testsuite name="repository.ArtistRepositoryTest" tests="2" skipped="0" failures="0" errors="0" timestamp="2019-03-16T16:43:20" hostname="PatiVioleta" time="1.82">
  <properties/>
  <testcase name="findAll" classname="repository.ArtistRepositoryTest" time="1.693"/>
  <testcase name="findOne" classname="repository.ArtistRepositoryTest" time="0.126"/>
  <system-out><![CDATA[2019-03-16 18:43:21,539 Test worker DEBUG Initializing configuration XmlConfiguration[location=C:\Users\pati\Desktop\UNIV\SEM4\MPP\LAB\lab2\build\resources\main\log4j2.xml]
2019-03-16 18:43:21,550 Test worker DEBUG Installed script engines
2019-03-16 18:43:21,946 Test worker DEBUG Oracle Nashorn Version: 10.0.2, Language: ECMAScript, Threading: Not Thread Safe, Compile: true, Names: {nashorn, Nashorn, js, JS, JavaScript, javascript, ECMAScript, ecmascript}
2019-03-16 18:43:21,947 Test worker DEBUG PluginManager 'Core' found 112 plugins
2019-03-16 18:43:21,947 Test worker DEBUG PluginManager 'Level' found 0 plugins
2019-03-16 18:43:21,952 Test worker DEBUG PluginManager 'Lookup' found 13 plugins
2019-03-16 18:43:21,954 Test worker DEBUG Building Plugin[name=layout, class=org.apache.logging.log4j.core.layout.PatternLayout].
2019-03-16 18:43:21,980 Test worker TRACE TypeConverterRegistry initializing.
2019-03-16 18:43:21,980 Test worker DEBUG PluginManager 'TypeConverter' found 26 plugins
2019-03-16 18:43:21,992 Test worker DEBUG PatternLayout$Builder(pattern="%d{DATE} %-5level %class{36} %L %M - %msg%n", PatternSelector=null, Configuration(C:\Users\pati\Desktop\UNIV\SEM4\MPP\LAB\lab2\build\resources\main\log4j2.xml), Replace=null, charset="null", alwaysWriteExceptions="null", disableAnsi="null", noConsoleNoAnsi="null", header="null", footer="null")
2019-03-16 18:43:21,993 Test worker DEBUG PluginManager 'Converter' found 41 plugins
2019-03-16 18:43:22,020 Test worker DEBUG Building Plugin[name=appender, class=org.apache.logging.log4j.core.appender.ConsoleAppender].
2019-03-16 18:43:22,032 Test worker DEBUG ConsoleAppender$Builder(target="SYSTEM_OUT", follow="null", direct="null", bufferedIo="null", bufferSize="null", immediateFlush="null", ignoreExceptions="null", PatternLayout(%d{DATE} %-5level %class{36} %L %M - %msg%n), name="Console", Configuration(C:\Users\pati\Desktop\UNIV\SEM4\MPP\LAB\lab2\build\resources\main\log4j2.xml), Filter=null)
2019-03-16 18:43:22,034 Test worker DEBUG Jansi is not installed, cannot find org.fusesource.jansi.WindowsAnsiOutputStream
2019-03-16 18:43:22,035 Test worker DEBUG Starting OutputStreamManager SYSTEM_OUT.false.false
2019-03-16 18:43:22,036 Test worker DEBUG Building Plugin[name=layout, class=org.apache.logging.log4j.core.layout.PatternLayout].
2019-03-16 18:43:22,038 Test worker DEBUG PatternLayout$Builder(pattern="%d{DATE} %-5level %class{36} %L %M - %msg%n", PatternSelector=null, Configuration(C:\Users\pati\Desktop\UNIV\SEM4\MPP\LAB\lab2\build\resources\main\log4j2.xml), Replace=null, charset="null", alwaysWriteExceptions="null", disableAnsi="null", noConsoleNoAnsi="null", header="null", footer="null")
2019-03-16 18:43:22,039 Test worker DEBUG Building Plugin[name=appender, class=org.apache.logging.log4j.core.appender.FileAppender].
2019-03-16 18:43:22,043 Test worker DEBUG FileAppender$Builder(fileName="target/test.log", append="true", locking="null", advertise="null", advertiseUri="null", createOnDemand="null", bufferedIo="null", bufferSize="null", immediateFlush="null", ignoreExceptions="null", PatternLayout(%d{DATE} %-5level %class{36} %L %M - %msg%n), name="log", Configuration(C:\Users\pati\Desktop\UNIV\SEM4\MPP\LAB\lab2\build\resources\main\log4j2.xml), Filter=null)
2019-03-16 18:43:22,046 Test worker DEBUG Starting FileManager target/test.log
2019-03-16 18:43:22,047 Test worker DEBUG Building Plugin[name=appenders, class=org.apache.logging.log4j.core.config.AppendersPlugin].
2019-03-16 18:43:22,048 Test worker DEBUG createAppenders(={Console, log})
2019-03-16 18:43:22,048 Test worker DEBUG Building Plugin[name=AppenderRef, class=org.apache.logging.log4j.core.config.AppenderRef].
2019-03-16 18:43:22,073 Test worker DEBUG createAppenderRef(ref="log", level="null", Filter=null)
2019-03-16 18:43:22,073 Test worker DEBUG Building Plugin[name=AppenderRef, class=org.apache.logging.log4j.core.config.AppenderRef].
2019-03-16 18:43:22,074 Test worker DEBUG createAppenderRef(ref="Console", level="null", Filter=null)
2019-03-16 18:43:22,075 Test worker DEBUG Building Plugin[name=root, class=org.apache.logging.log4j.core.config.LoggerConfig$RootLogger].
2019-03-16 18:43:22,076 Test worker DEBUG createLogger(additivity="null", level="TRACE", includeLocation="null", ={log, Console}, ={}, Configuration(C:\Users\pati\Desktop\UNIV\SEM4\MPP\LAB\lab2\build\resources\main\log4j2.xml), Filter=null)
2019-03-16 18:43:22,079 Test worker DEBUG Building Plugin[name=loggers, class=org.apache.logging.log4j.core.config.LoggersPlugin].
2019-03-16 18:43:22,081 Test worker DEBUG createLoggers(={root})
2019-03-16 18:43:22,081 Test worker DEBUG Configuration XmlConfiguration[location=C:\Users\pati\Desktop\UNIV\SEM4\MPP\LAB\lab2\build\resources\main\log4j2.xml] initialized
2019-03-16 18:43:22,083 Test worker DEBUG Starting configuration XmlConfiguration[location=C:\Users\pati\Desktop\UNIV\SEM4\MPP\LAB\lab2\build\resources\main\log4j2.xml]
2019-03-16 18:43:22,083 Test worker DEBUG Started configuration XmlConfiguration[location=C:\Users\pati\Desktop\UNIV\SEM4\MPP\LAB\lab2\build\resources\main\log4j2.xml] OK.
2019-03-16 18:43:22,084 Test worker TRACE Stopping org.apache.logging.log4j.core.config.DefaultConfiguration@608824af...
2019-03-16 18:43:22,085 Test worker TRACE DefaultConfiguration notified 1 ReliabilityStrategies that config will be stopped.
2019-03-16 18:43:22,086 Test worker TRACE DefaultConfiguration stopping root LoggerConfig.
2019-03-16 18:43:22,086 Test worker TRACE DefaultConfiguration notifying ReliabilityStrategies that appenders will be stopped.
2019-03-16 18:43:22,088 Test worker TRACE DefaultConfiguration stopping remaining Appenders.
2019-03-16 18:43:22,089 Test worker DEBUG Shutting down OutputStreamManager SYSTEM_OUT.false.false-1
2019-03-16 18:43:22,090 Test worker DEBUG Shut down OutputStreamManager SYSTEM_OUT.false.false-1, all resources released: true
2019-03-16 18:43:22,090 Test worker DEBUG Appender DefaultConsole-1 stopped with status true
2019-03-16 18:43:22,091 Test worker TRACE DefaultConfiguration stopped 1 remaining Appenders.
2019-03-16 18:43:22,091 Test worker TRACE DefaultConfiguration cleaning Appenders from 1 LoggerConfigs.
2019-03-16 18:43:22,092 Test worker DEBUG Stopped org.apache.logging.log4j.core.config.DefaultConfiguration@608824af OK
2019-03-16 18:43:22,181 Test worker TRACE Reregistering MBeans after reconfigure. Selector=org.apache.logging.log4j.core.selector.ClassLoaderContextSelector@2ae42270
2019-03-16 18:43:22,181 Test worker TRACE Reregistering context (1/1): '5ef04b5' org.apache.logging.log4j.core.LoggerContext@30148faf
2019-03-16 18:43:22,182 Test worker TRACE Unregistering but no MBeans found matching 'org.apache.logging.log4j2:type=5ef04b5'
2019-03-16 18:43:22,182 Test worker TRACE Unregistering but no MBeans found matching 'org.apache.logging.log4j2:type=5ef04b5,component=StatusLogger'
2019-03-16 18:43:22,183 Test worker TRACE Unregistering but no MBeans found matching 'org.apache.logging.log4j2:type=5ef04b5,component=ContextSelector'
2019-03-16 18:43:22,184 Test worker TRACE Unregistering but no MBeans found matching 'org.apache.logging.log4j2:type=5ef04b5,component=Loggers,name=*'
2019-03-16 18:43:22,184 Test worker TRACE Unregistering but no MBeans found matching 'org.apache.logging.log4j2:type=5ef04b5,component=Appenders,name=*'
2019-03-16 18:43:22,185 Test worker TRACE Unregistering but no MBeans found matching 'org.apache.logging.log4j2:type=5ef04b5,component=AsyncAppenders,name=*'
2019-03-16 18:43:22,189 Test worker TRACE Unregistering but no MBeans found matching 'org.apache.logging.log4j2:type=5ef04b5,component=AsyncLoggerRingBuffer'
2019-03-16 18:43:22,190 Test worker TRACE Unregistering but no MBeans found matching 'org.apache.logging.log4j2:type=5ef04b5,component=Loggers,name=*,subtype=RingBuffer'
2019-03-16 18:43:22,191 Test worker DEBUG Registering MBean org.apache.logging.log4j2:type=5ef04b5
2019-03-16 18:43:22,194 Test worker DEBUG Registering MBean org.apache.logging.log4j2:type=5ef04b5,component=StatusLogger
2019-03-16 18:43:22,196 Test worker DEBUG Registering MBean org.apache.logging.log4j2:type=5ef04b5,component=ContextSelector
2019-03-16 18:43:22,197 Test worker DEBUG Registering MBean org.apache.logging.log4j2:type=5ef04b5,component=Loggers,name=
2019-03-16 18:43:22,199 Test worker DEBUG Registering MBean org.apache.logging.log4j2:type=5ef04b5,component=Appenders,name=Console
2019-03-16 18:43:22,200 Test worker DEBUG Registering MBean org.apache.logging.log4j2:type=5ef04b5,component=Appenders,name=log
2019-03-16 18:43:22,202 Test worker TRACE Using default SystemClock for timestamps.
2019-03-16 18:43:22,203 Test worker TRACE Using DummyNanoClock for nanosecond timestamps.
2019-03-16 18:43:22,203 Test worker DEBUG Reconfiguration complete for context[name=5ef04b5] at URI C:\Users\pati\Desktop\UNIV\SEM4\MPP\LAB\lab2\build\resources\main\log4j2.xml (org.apache.logging.log4j.core.LoggerContext@30148faf) with optional ClassLoader: null
2019-03-16 18:43:22,217 Test worker DEBUG Shutdown hook enabled. Registering a new one.
2019-03-16 18:43:22,219 Test worker DEBUG LoggerContext[name=5ef04b5, org.apache.logging.log4j.core.LoggerContext@30148faf] started OK.
16 Mar 2019 18:43:22,224 TRACE repository.JdbcUtils 53 getConnection - Enter
16 Mar 2019 18:43:22,227 TRACE repository.JdbcUtils 23 getNewConnection - Enter
16 Mar 2019 18:43:22,230 INFO  repository.JdbcUtils 30 getNewConnection - trying to connect to database ... jdbc:sqlite:C:/Users/pati/Desktop/UNIV/SEM4/MPP/SQLite/Festival/Festival.db
16 Mar 2019 18:43:22,230 INFO  repository.JdbcUtils 31 getNewConnection - user: test
16 Mar 2019 18:43:22,231 INFO  repository.JdbcUtils 32 getNewConnection - pass: passtest
16 Mar 2019 18:43:22,236 INFO  repository.JdbcUtils 37 getNewConnection - Loaded driver ...org.sqlite.JDBC
16 Mar 2019 18:43:22,439 TRACE repository.JdbcUtils 62 getConnection - Exit with(org.sqlite.jdbc4.JDBC4Connection@43016eae)
16 Mar 2019 18:43:22,441 INFO  repository.ArtistRepository 17 <init> - Initializing ArtistRepository with properties: {mtasks.jdbc.url1=jdbc:sqlite:C:/Users/pati/Desktop/UNIV/SEM4/MPP/SQLite/Festival/Festival.db, tasks.jdbc.user=test, mtasks.jdbc.driver=org.sqlite.JDBC, mtasks.jdbc.url=jdbc:sqlite:C:/Users/pati/Desktop/UNIV/SEM4/MPP/SQLite/Festival/Festival.db, tasks.jdbc.driver=org.sqlite.JDBC, tasks.jdbc.pass=passtest, tasks.jdbc.url=jdbc:sqlite:C:/Users/pati/Desktop/UNIV/SEM4/MPP/SQLite/Festival/Festival.db} 
16 Mar 2019 18:43:22,445 TRACE repository.ArtistRepository 55 findAll - Enter
16 Mar 2019 18:43:22,445 TRACE repository.JdbcUtils 53 getConnection - Enter
16 Mar 2019 18:43:22,446 TRACE repository.JdbcUtils 23 getNewConnection - Enter
16 Mar 2019 18:43:22,446 INFO  repository.JdbcUtils 30 getNewConnection - trying to connect to database ... jdbc:sqlite:C:/Users/pati/Desktop/UNIV/SEM4/MPP/SQLite/Festival/Festival.db
16 Mar 2019 18:43:22,446 INFO  repository.JdbcUtils 31 getNewConnection - user: test
16 Mar 2019 18:43:22,447 INFO  repository.JdbcUtils 32 getNewConnection - pass: passtest
16 Mar 2019 18:43:22,447 INFO  repository.JdbcUtils 37 getNewConnection - Loaded driver ...org.sqlite.JDBC
16 Mar 2019 18:43:22,449 TRACE repository.JdbcUtils 62 getConnection - Exit with(org.sqlite.jdbc4.JDBC4Connection@5c12cf7e)
16 Mar 2019 18:43:22,455 TRACE repository.ArtistRepository 77 findAll - Exit with([Artist{artistId=1, name='Artist0'}, Artist{artistId=2, name='Artist1'}, Artist{artistId=3, name='Artist2'}, Artist{artistId=4, name='Artist3'}])
16 Mar 2019 18:43:22,456 TRACE repository.JdbcUtils 53 getConnection - Enter
16 Mar 2019 18:43:22,456 TRACE repository.JdbcUtils 23 getNewConnection - Enter
16 Mar 2019 18:43:22,457 INFO  repository.JdbcUtils 30 getNewConnection - trying to connect to database ... jdbc:sqlite:C:/Users/pati/Desktop/UNIV/SEM4/MPP/SQLite/Festival/Festival.db
16 Mar 2019 18:43:22,457 INFO  repository.JdbcUtils 31 getNewConnection - user: test
16 Mar 2019 18:43:22,458 INFO  repository.JdbcUtils 32 getNewConnection - pass: passtest
16 Mar 2019 18:43:22,458 INFO  repository.JdbcUtils 37 getNewConnection - Loaded driver ...org.sqlite.JDBC
16 Mar 2019 18:43:22,460 TRACE repository.JdbcUtils 62 getConnection - Exit with(org.sqlite.jdbc4.JDBC4Connection@644ae60c)
16 Mar 2019 18:43:22,469 INFO  repository.ArtistRepository 17 <init> - Initializing ArtistRepository with properties: {mtasks.jdbc.url1=jdbc:sqlite:C:/Users/pati/Desktop/UNIV/SEM4/MPP/SQLite/Festival/Festival.db, tasks.jdbc.user=test, mtasks.jdbc.driver=org.sqlite.JDBC, mtasks.jdbc.url=jdbc:sqlite:C:/Users/pati/Desktop/UNIV/SEM4/MPP/SQLite/Festival/Festival.db, tasks.jdbc.driver=org.sqlite.JDBC, tasks.jdbc.pass=passtest, tasks.jdbc.url=jdbc:sqlite:C:/Users/pati/Desktop/UNIV/SEM4/MPP/SQLite/Festival/Festival.db} 
16 Mar 2019 18:43:22,541 TRACE repository.ArtistRepository 24 findOne - Enter finding artist with id 93 
16 Mar 2019 18:43:22,541 TRACE repository.JdbcUtils 53 getConnection - Enter
16 Mar 2019 18:43:22,542 TRACE repository.JdbcUtils 23 getNewConnection - Enter
16 Mar 2019 18:43:22,542 INFO  repository.JdbcUtils 30 getNewConnection - trying to connect to database ... jdbc:sqlite:C:/Users/pati/Desktop/UNIV/SEM4/MPP/SQLite/Festival/Festival.db
16 Mar 2019 18:43:22,542 INFO  repository.JdbcUtils 31 getNewConnection - user: test
16 Mar 2019 18:43:22,543 INFO  repository.JdbcUtils 32 getNewConnection - pass: passtest
16 Mar 2019 18:43:22,543 INFO  repository.JdbcUtils 37 getNewConnection - Loaded driver ...org.sqlite.JDBC
16 Mar 2019 18:43:22,547 TRACE repository.JdbcUtils 62 getConnection - Exit with(org.sqlite.jdbc4.JDBC4Connection@3138e742)
16 Mar 2019 18:43:22,548 TRACE repository.ArtistRepository 38 findOne - Exit with(Artist{artistId=93, name='test'})
16 Mar 2019 18:43:22,548 TRACE repository.ArtistRepository 24 findOne - Enter finding artist with id 93 
16 Mar 2019 18:43:22,549 TRACE repository.JdbcUtils 53 getConnection - Enter
16 Mar 2019 18:43:22,549 TRACE repository.JdbcUtils 62 getConnection - Exit with(org.sqlite.jdbc4.JDBC4Connection@3138e742)
16 Mar 2019 18:43:22,550 TRACE repository.ArtistRepository 38 findOne - Exit with(Artist{artistId=93, name='test'})
]]></system-out>
  <system-err><![CDATA[]]></system-err>
</testsuite>
