<?xml version="1.0" encoding="UTF-8"?>
<testsuite name="ATest" tests="2" skipped="0" failures="0" errors="0" timestamp="2019-03-16T16:43:20" hostname="PatiVioleta" time="0.005">
  <properties/>
  <testcase name="test1" classname="ATest" time="0.004"/>
  <testcase name="test2" classname="ATest" time="0.0"/>
  <system-out><![CDATA[]]></system-out>
  <system-err><![CDATA[]]></system-err>
</testsuite>
